<?xml version="1.0" encoding="UTF-8"?>
<!-- Generated by org.testng.reporters.JUnitXMLReporter -->
<testsuite ignored="0" hostname="abhinayapunna" failures="0" tests="3" name="Default test" time="10.114" errors="0" timestamp="2026-04-22T17:04:33 IST">
  <testcase classname="tests.DataDrivenLoginTest" name="dataDriverLoginTest" time="1.319"/>
  <testcase classname="tests.DataDrivenLoginTest" name="dataDriverLoginTest" time="1.079"/>
  <testcase classname="tests.DataDrivenLoginTest" name="dataDriverLoginTest" time="1.076"/>
</testsuite> <!-- Default test -->
