<?xml version="1.0" encoding="UTF-8"?>
<testng-results ignored="0" total="2" passed="2" failed="0" skipped="0">
  <reporter-output>
  </reporter-output>
  <suite started-at="2026-04-23T17:00:57 IST" name="Default suite" finished-at="2026-04-23T17:01:10 IST" duration-ms="13853">
    <groups>
    </groups>
    <test started-at="2026-04-23T17:00:57 IST" name="Default test" finished-at="2026-04-23T17:01:10 IST" duration-ms="13853">
      <class name="tests.CartTest">
        <test-method is-config="true" signature="setUp()[pri:0, instance:tests.CartTest@41d477ed]" started-at="2026-04-23T17:00:57 IST" name="setUp" finished-at="2026-04-23T17:01:04 IST" duration-ms="6840" status="PASS">
          <reporter-output>
          </reporter-output>
        </test-method> <!-- setUp -->
        <test-method signature="addToCartTest()[pri:0, instance:tests.CartTest@41d477ed]" started-at="2026-04-23T17:01:04 IST" name="addToCartTest" finished-at="2026-04-23T17:01:07 IST" duration-ms="3390" status="PASS">
          <reporter-output>
          </reporter-output>
        </test-method> <!-- addToCartTest -->
        <test-method is-config="true" signature="tearDown()[pri:0, instance:tests.CartTest@41d477ed]" started-at="2026-04-23T17:01:07 IST" name="tearDown" finished-at="2026-04-23T17:01:07 IST" duration-ms="316" status="PASS">
          <reporter-output>
          </reporter-output>
        </test-method> <!-- tearDown -->
        <test-method is-config="true" signature="setUp()[pri:0, instance:tests.CartTest@41d477ed]" started-at="2026-04-23T17:01:07 IST" name="setUp" finished-at="2026-04-23T17:01:08 IST" duration-ms="1013" status="PASS">
          <reporter-output>
          </reporter-output>
        </test-method> <!-- setUp -->
        <test-method signature="checkoutTest()[pri:0, instance:tests.CartTest@41d477ed]" started-at="2026-04-23T17:01:08 IST" name="checkoutTest" finished-at="2026-04-23T17:01:10 IST" duration-ms="1972" status="PASS">
          <reporter-output>
          </reporter-output>
        </test-method> <!-- checkoutTest -->
        <test-method is-config="true" signature="tearDown()[pri:0, instance:tests.CartTest@41d477ed]" started-at="2026-04-23T17:01:10 IST" name="tearDown" finished-at="2026-04-23T17:01:10 IST" duration-ms="222" status="PASS">
          <reporter-output>
          </reporter-output>
        </test-method> <!-- tearDown -->
      </class> <!-- tests.CartTest -->
    </test> <!-- Default test -->
  </suite> <!-- Default suite -->
</testng-results>
