<?xml version="1.0" encoding="UTF-8"?>
<testng-results ignored="0" total="3" passed="3" failed="0" skipped="0">
  <reporter-output>
  </reporter-output>
  <suite started-at="2026-04-22T17:04:23 IST" name="Default suite" finished-at="2026-04-22T17:04:33 IST" duration-ms="10114">
    <groups>
    </groups>
    <test started-at="2026-04-22T17:04:23 IST" name="Default test" finished-at="2026-04-22T17:04:33 IST" duration-ms="10114">
      <class name="tests.DataDrivenLoginTest">
        <test-method is-config="true" signature="setUp()[pri:0, instance:tests.DataDrivenLoginTest@62379589]" started-at="2026-04-22T17:04:24 IST" name="setUp" finished-at="2026-04-22T17:04:27 IST" duration-ms="2737" status="PASS">
          <reporter-output>
          </reporter-output>
        </test-method> <!-- setUp -->
        <test-method signature="dataDriverLoginTest(java.lang.String,java.lang.String,java.lang.String)[pri:0, instance:tests.DataDrivenLoginTest@62379589]" started-at="2026-04-22T17:04:27 IST" name="dataDriverLoginTest" data-provider="loginData" finished-at="2026-04-22T17:04:29 IST" duration-ms="1319" status="PASS">
          <params>
            <param index="0">
              <value>
                <![CDATA[standard_user]]>
              </value>
            </param>
            <param index="1">
              <value>
                <![CDATA[secret_sauce]]>
              </value>
            </param>
            <param index="2">
              <value>
                <![CDATA[success]]>
              </value>
            </param>
          </params>
          <reporter-output>
          </reporter-output>
        </test-method> <!-- dataDriverLoginTest -->
        <test-method is-config="true" signature="tearDown()[pri:0, instance:tests.DataDrivenLoginTest@62379589]" started-at="2026-04-22T17:04:29 IST" name="tearDown" finished-at="2026-04-22T17:04:29 IST" duration-ms="277" status="PASS">
          <reporter-output>
          </reporter-output>
        </test-method> <!-- tearDown -->
        <test-method is-config="true" signature="setUp()[pri:0, instance:tests.DataDrivenLoginTest@62379589]" started-at="2026-04-22T17:04:29 IST" name="setUp" finished-at="2026-04-22T17:04:30 IST" duration-ms="951" status="PASS">
          <reporter-output>
          </reporter-output>
        </test-method> <!-- setUp -->
        <test-method signature="dataDriverLoginTest(java.lang.String,java.lang.String,java.lang.String)[pri:0, instance:tests.DataDrivenLoginTest@62379589]" started-at="2026-04-22T17:04:30 IST" name="dataDriverLoginTest" data-provider="loginData" finished-at="2026-04-22T17:04:31 IST" duration-ms="1079" status="PASS">
          <params>
            <param index="0">
              <value>
                <![CDATA[locked_out_user]]>
              </value>
            </param>
            <param index="1">
              <value>
                <![CDATA[secret_sauce]]>
              </value>
            </param>
            <param index="2">
              <value>
                <![CDATA[failure]]>
              </value>
            </param>
          </params>
          <reporter-output>
          </reporter-output>
        </test-method> <!-- dataDriverLoginTest -->
        <test-method is-config="true" signature="tearDown()[pri:0, instance:tests.DataDrivenLoginTest@62379589]" started-at="2026-04-22T17:04:31 IST" name="tearDown" finished-at="2026-04-22T17:04:31 IST" duration-ms="249" status="PASS">
          <reporter-output>
          </reporter-output>
        </test-method> <!-- tearDown -->
        <test-method is-config="true" signature="setUp()[pri:0, instance:tests.DataDrivenLoginTest@62379589]" started-at="2026-04-22T17:04:31 IST" name="setUp" finished-at="2026-04-22T17:04:32 IST" duration-ms="902" status="PASS">
          <reporter-output>
          </reporter-output>
        </test-method> <!-- setUp -->
        <test-method signature="dataDriverLoginTest(java.lang.String,java.lang.String,java.lang.String)[pri:0, instance:tests.DataDrivenLoginTest@62379589]" started-at="2026-04-22T17:04:32 IST" name="dataDriverLoginTest" data-provider="loginData" finished-at="2026-04-22T17:04:33 IST" duration-ms="1076" status="PASS">
          <params>
            <param index="0">
              <value>
                <![CDATA[standard_user]]>
              </value>
            </param>
            <param index="1">
              <value>
                <![CDATA[wrongpassword]]>
              </value>
            </param>
            <param index="2">
              <value>
                <![CDATA[failure]]>
              </value>
            </param>
          </params>
          <reporter-output>
          </reporter-output>
        </test-method> <!-- dataDriverLoginTest -->
        <test-method is-config="true" signature="tearDown()[pri:0, instance:tests.DataDrivenLoginTest@62379589]" started-at="2026-04-22T17:04:33 IST" name="tearDown" finished-at="2026-04-22T17:04:33 IST" duration-ms="299" status="PASS">
          <reporter-output>
          </reporter-output>
        </test-method> <!-- tearDown -->
      </class> <!-- tests.DataDrivenLoginTest -->
    </test> <!-- Default test -->
  </suite> <!-- Default suite -->
</testng-results>
