<?xml version="1.0" encoding="UTF-8"?>
<!-- Generated by org.testng.reporters.JUnitReportReporter -->
<testsuite hostname="abhinayapunna" failures="0" tests="3" name="tests.DataDrivenLoginTest" time="8.889" errors="0" timestamp="2026-04-22T17:04:33 IST" skipped="0">
  <testcase classname="tests.DataDrivenLoginTest" name="dataDriverLoginTest" time="4.355"/>
  <testcase classname="tests.DataDrivenLoginTest" name="dataDriverLoginTest" time="2.304"/>
  <testcase classname="tests.DataDrivenLoginTest" name="dataDriverLoginTest" time="2.230"/>
</testsuite> <!-- tests.DataDrivenLoginTest -->
